This file contains any messages produced by compilers while
running configure, to aid debugging if configure makes a mistake.

It was created by Nbody6++ configure 1.0, which was
generated by GNU Autoconf 2.69.  Invocation command line was

  $ ./configure --with-par=b1m --enable-simd=sse --enable-mcmodel=large

## --------- ##
## Platform. ##
## --------- ##

hostname = juwels03.ib.juwels.fzj.de
uname -m = x86_64
uname -r = 3.10.0-1127.8.2.el7.x86_64
uname -s = Linux
uname -v = #1 SMP Tue May 12 16:57:42 UTC 2020

/usr/bin/uname -p = x86_64
/bin/uname -X     = unknown

/bin/arch              = x86_64
/usr/bin/arch -k       = unknown
/usr/convex/getsysinfo = unknown
/usr/bin/hostinfo      = unknown
/bin/machine           = unknown
/usr/bin/oslevel       = unknown
/bin/universe          = unknown

PATH: /p/home/jusers/spurzem2/juwels/bin
PATH: /gpfs/software/juwels/stages/2019a/software/psmpi/5.2.2-1-GCC-8.3.0/bin
PATH: /gpfs/software/juwels/stages/2019a/software/pscom/5.2-default/bin
PATH: /gpfs/software/juwels/stages/2019a/software/CUDA/10.1.105
PATH: /gpfs/software/juwels/stages/2019a/software/CUDA/10.1.105/nvvm/bin
PATH: /gpfs/software/juwels/stages/2019a/software/CUDA/10.1.105/bin
PATH: /p/software/juwels/stages/2019a/software/nvidia/driver
PATH: /p/software/juwels/stages/2019a/software/nvidia/driver/bin
PATH: /gpfs/software/juwels/stages/2019a/software/binutils/2.32-GCCcore-8.3.0/bin
PATH: /gpfs/software/juwels/stages/2019a/software/GCCcore/8.3.0/bin
PATH: /usr/local/bin
PATH: /usr/bin
PATH: /usr/local/sbin
PATH: /usr/sbin
PATH: /opt/ibutils/bin
PATH: /opt/ddn/ime/bin
PATH: /opt/jsc/bin
PATH: /usr/local/jsc/bin
PATH: /p/software/juwels/bin


## ----------- ##
## Core tests. ##
## ----------- ##

configure:2605: checking for gfortran
configure:2621: found /gpfs/software/juwels/stages/2019a/software/GCCcore/8.3.0/bin/gfortran
configure:2632: result: gfortran
configure:2658: checking for Fortran compiler version
configure:2667: gfortran --version >&5
GNU Fortran (GCC) 8.3.0
Copyright (C) 2018 Free Software Foundation, Inc.
This is free software; see the source for copying conditions.  There is NO
warranty; not even for MERCHANTABILITY or FITNESS FOR A PARTICULAR PURPOSE.

configure:2678: $? = 0
configure:2667: gfortran -v >&5
Using built-in specs.
COLLECT_GCC=gfortran
COLLECT_LTO_WRAPPER=/gpfs/software/juwels/stages/2019a/software/GCCcore/8.3.0/libexec/gcc/x86_64-pc-linux-gnu/8.3.0/lto-wrapper
Target: x86_64-pc-linux-gnu
Configured with: ../configure --enable-languages=c,c++,fortran --enable-lto --enable-checking=release --disable-multilib --enable-shared=yes --enable-static=yes --enable-threads=posix --enable-plugins --enable-gold=default --enable-ld --with-plugin-ld=ld.gold --prefix=/gpfs/software/juwels/stages/2019a/software/GCCcore/8.3.0 --with-local-prefix=/gpfs/software/juwels/stages/2019a/software/GCCcore/8.3.0 --enable-bootstrap --with-isl=/dev/shm/swmanage/GCCcore/8.3.0/dummy-/gcc-8.3.0/stage2_stuff
Thread model: posix
gcc version 8.3.0 (GCC) 
configure:2678: $? = 0
configure:2667: gfortran -V >&5
gfortran: error: unrecognized command line option '-V'
gfortran: fatal error: no input files
compilation terminated.
configure:2678: $? = 1
configure:2667: gfortran -qversion >&5
gfortran: error: unrecognized command line option '-qversion'; did you mean '--version'?
gfortran: fatal error: no input files
compilation terminated.
configure:2678: $? = 1
configure:2693: checking whether the Fortran compiler works
configure:2715: gfortran    conftest.f  >&5
configure:2719: $? = 0
configure:2767: result: yes
configure:2770: checking for Fortran compiler default output file name
configure:2772: result: a.out
configure:2778: checking for suffix of executables
configure:2785: gfortran -o conftest    conftest.f  >&5
configure:2789: $? = 0
configure:2811: result: 
configure:2827: checking whether we are cross compiling
configure:2835: gfortran -o conftest    conftest.f  >&5
configure:2839: $? = 0
configure:2846: ./conftest
configure:2850: $? = 0
configure:2865: result: no
configure:2870: checking for suffix of object files
configure:2886: gfortran -c   conftest.f >&5
configure:2890: $? = 0
configure:2911: result: o
configure:2919: checking whether we are using the GNU Fortran compiler
configure:2932: gfortran -c   conftest.F >&5
configure:2932: $? = 0
configure:2941: result: yes
configure:2947: checking whether gfortran accepts -g
configure:2958: gfortran -c -g  conftest.f >&5
configure:2958: $? = 0
configure:2966: result: yes
configure:3041: checking for mpif77
configure:3057: found /gpfs/software/juwels/stages/2019a/software/psmpi/5.2.2-1-GCC-8.3.0/bin/mpif77
configure:3069: result: mpif77
configure:3280: checking whether Fortran compiler accepts -fPIC
configure:3293: mpif77 -c  -O3  -fPIC  conftest.f >&5
configure:3293: $? = 0
configure:3301: result: yes
configure:3343: checking whether Fortran compiler accepts -mcmodel=large
configure:3356: mpif77 -c  -O3 -fPIC  -mcmodel=large  conftest.f >&5
configure:3356: $? = 0
configure:3365: result: yes
configure:3385: checking for mpif77 option to support OpenMP
configure:3400: mpif77 -o conftest  -O3 -fPIC -mcmodel=large   conftest.f  >&5
conftest.f:5:9:

       tid = 42
         1
Error: Symbol 'tid' at (1) has no IMPLICIT type
configure:3400: $? = 1
configure: failed program was:
| 
|       program main
|       implicit none
| !$    integer tid
|       tid = 42
|       call omp_set_num_threads(2)
|       end
| 
configure:3418: mpif77 -o conftest  -O3 -fPIC -mcmodel=large -fopenmp   conftest.f  >&5
configure:3418: $? = 0
configure:3432: result: -fopenmp
configure:3547: checking for g++
configure:3563: found /gpfs/software/juwels/stages/2019a/software/GCCcore/8.3.0/bin/g++
configure:3574: result: g++
configure:3601: checking for C++ compiler version
configure:3610: g++ --version >&5
g++ (GCC) 8.3.0
Copyright (C) 2018 Free Software Foundation, Inc.
This is free software; see the source for copying conditions.  There is NO
warranty; not even for MERCHANTABILITY or FITNESS FOR A PARTICULAR PURPOSE.

configure:3621: $? = 0
configure:3610: g++ -v >&5
Using built-in specs.
COLLECT_GCC=g++
COLLECT_LTO_WRAPPER=/gpfs/software/juwels/stages/2019a/software/GCCcore/8.3.0/libexec/gcc/x86_64-pc-linux-gnu/8.3.0/lto-wrapper
Target: x86_64-pc-linux-gnu
Configured with: ../configure --enable-languages=c,c++,fortran --enable-lto --enable-checking=release --disable-multilib --enable-shared=yes --enable-static=yes --enable-threads=posix --enable-plugins --enable-gold=default --enable-ld --with-plugin-ld=ld.gold --prefix=/gpfs/software/juwels/stages/2019a/software/GCCcore/8.3.0 --with-local-prefix=/gpfs/software/juwels/stages/2019a/software/GCCcore/8.3.0 --enable-bootstrap --with-isl=/dev/shm/swmanage/GCCcore/8.3.0/dummy-/gcc-8.3.0/stage2_stuff
Thread model: posix
gcc version 8.3.0 (GCC) 
configure:3621: $? = 0
configure:3610: g++ -V >&5
g++: error: unrecognized command line option '-V'
g++: fatal error: no input files
compilation terminated.
configure:3621: $? = 1
configure:3610: g++ -qversion >&5
g++: error: unrecognized command line option '-qversion'; did you mean '--version'?
g++: fatal error: no input files
compilation terminated.
configure:3621: $? = 1
configure:3625: checking whether we are using the GNU C++ compiler
configure:3644: g++ -c   conftest.cpp >&5
configure:3644: $? = 0
configure:3653: result: yes
configure:3662: checking whether g++ accepts -g
configure:3682: g++ -c -g  conftest.cpp >&5
configure:3682: $? = 0
configure:3723: result: yes
configure:3794: checking for gcc
configure:3810: found /gpfs/software/juwels/stages/2019a/software/GCCcore/8.3.0/bin/gcc
configure:3821: result: gcc
configure:4050: checking for C compiler version
configure:4059: gcc --version >&5
gcc (GCC) 8.3.0
Copyright (C) 2018 Free Software Foundation, Inc.
This is free software; see the source for copying conditions.  There is NO
warranty; not even for MERCHANTABILITY or FITNESS FOR A PARTICULAR PURPOSE.

configure:4070: $? = 0
configure:4059: gcc -v >&5
Using built-in specs.
COLLECT_GCC=gcc
COLLECT_LTO_WRAPPER=/gpfs/software/juwels/stages/2019a/software/GCCcore/8.3.0/libexec/gcc/x86_64-pc-linux-gnu/8.3.0/lto-wrapper
Target: x86_64-pc-linux-gnu
Configured with: ../configure --enable-languages=c,c++,fortran --enable-lto --enable-checking=release --disable-multilib --enable-shared=yes --enable-static=yes --enable-threads=posix --enable-plugins --enable-gold=default --enable-ld --with-plugin-ld=ld.gold --prefix=/gpfs/software/juwels/stages/2019a/software/GCCcore/8.3.0 --with-local-prefix=/gpfs/software/juwels/stages/2019a/software/GCCcore/8.3.0 --enable-bootstrap --with-isl=/dev/shm/swmanage/GCCcore/8.3.0/dummy-/gcc-8.3.0/stage2_stuff
Thread model: posix
gcc version 8.3.0 (GCC) 
configure:4070: $? = 0
configure:4059: gcc -V >&5
gcc: error: unrecognized command line option '-V'
gcc: fatal error: no input files
compilation terminated.
configure:4070: $? = 1
configure:4059: gcc -qversion >&5
gcc: error: unrecognized command line option '-qversion'; did you mean '--version'?
gcc: fatal error: no input files
compilation terminated.
configure:4070: $? = 1
configure:4074: checking whether we are using the GNU C compiler
configure:4093: gcc -c   conftest.c >&5
configure:4093: $? = 0
configure:4102: result: yes
configure:4111: checking whether gcc accepts -g
configure:4131: gcc -c -g  conftest.c >&5
configure:4131: $? = 0
configure:4172: result: yes
configure:4189: checking for gcc option to accept ISO C89
configure:4252: gcc  -c -g -O2  conftest.c >&5
configure:4252: $? = 0
configure:4265: result: none needed
configure:4287: checking for main in -lstdc++
configure:4306: g++ -o conftest -g -O2   conftest.cpp -lstdc++   >&5
configure:4306: $? = 0
configure:4315: result: yes
configure:4335: checking for g++ option to support OpenMP
configure:4350: g++ -o conftest  -O3   conftest.cpp  -lstdc++ >&5
conftest.cpp:11:2: error: 'choke' does not name a type
  choke me
  ^~~~~
In file included from conftest.cpp:13:
/gpfs/software/juwels/stages/2019a/software/GCCcore/8.3.0/lib/gcc/x86_64-pc-linux-gnu/8.3.0/include/omp.h:39:3: error: 'omp_lock_t' does not name a type
 } omp_lock_t;
   ^~~~~~~~~~
/gpfs/software/juwels/stages/2019a/software/GCCcore/8.3.0/lib/gcc/x86_64-pc-linux-gnu/8.3.0/include/omp.h:95:28: error: variable or field 'omp_init_lock' declared void
 extern void omp_init_lock (omp_lock_t *) __GOMP_NOTHROW;
                            ^~~~~~~~~~
/gpfs/software/juwels/stages/2019a/software/GCCcore/8.3.0/lib/gcc/x86_64-pc-linux-gnu/8.3.0/include/omp.h:95:28: error: 'omp_lock_t' was not declared in this scope
/gpfs/software/juwels/stages/2019a/software/GCCcore/8.3.0/lib/gcc/x86_64-pc-linux-gnu/8.3.0/include/omp.h:95:28: note: suggested alternative: 'omp_lock_hint_t'
 extern void omp_init_lock (omp_lock_t *) __GOMP_NOTHROW;
                            ^~~~~~~~~~
                            omp_lock_hint_t
/gpfs/software/juwels/stages/2019a/software/GCCcore/8.3.0/lib/gcc/x86_64-pc-linux-gnu/8.3.0/include/omp.h:95:40: error: expected primary-expression before ')' token
 extern void omp_init_lock (omp_lock_t *) __GOMP_NOTHROW;
                                        ^
/gpfs/software/juwels/stages/2019a/software/GCCcore/8.3.0/lib/gcc/x86_64-pc-linux-gnu/8.3.0/include/omp.h:96:38: error: variable or field 'omp_init_lock_with_hint' declared void
 extern void omp_init_lock_with_hint (omp_lock_t *, omp_lock_hint_t)
                                      ^~~~~~~~~~
/gpfs/software/juwels/stages/2019a/software/GCCcore/8.3.0/lib/gcc/x86_64-pc-linux-gnu/8.3.0/include/omp.h:96:38: error: 'omp_lock_t' was not declared in this scope
/gpfs/software/juwels/stages/2019a/software/GCCcore/8.3.0/lib/gcc/x86_64-pc-linux-gnu/8.3.0/include/omp.h:96:38: note: suggested alternative: 'omp_lock_hint_t'
 extern void omp_init_lock_with_hint (omp_lock_t *, omp_lock_hint_t)
                                      ^~~~~~~~~~
                                      omp_lock_hint_t
/gpfs/software/juwels/stages/2019a/software/GCCcore/8.3.0/lib/gcc/x86_64-pc-linux-gnu/8.3.0/include/omp.h:96:50: error: expected primary-expression before ',' token
 extern void omp_init_lock_with_hint (omp_lock_t *, omp_lock_hint_t)
                                                  ^
/gpfs/software/juwels/stages/2019a/software/GCCcore/8.3.0/lib/gcc/x86_64-pc-linux-gnu/8.3.0/include/omp.h:96:67: error: expected primary-expression before ')' token
 extern void omp_init_lock_with_hint (omp_lock_t *, omp_lock_hint_t)
                                                                   ^
/gpfs/software/juwels/stages/2019a/software/GCCcore/8.3.0/lib/gcc/x86_64-pc-linux-gnu/8.3.0/include/omp.h:98:31: error: variable or field 'omp_destroy_lock' declared void
 extern void omp_destroy_lock (omp_lock_t *) __GOMP_NOTHROW;
                               ^~~~~~~~~~
/gpfs/software/juwels/stages/2019a/software/GCCcore/8.3.0/lib/gcc/x86_64-pc-linux-gnu/8.3.0/include/omp.h:98:31: error: 'omp_lock_t' was not declared in this scope
/gpfs/software/juwels/stages/2019a/software/GCCcore/8.3.0/lib/gcc/x86_64-pc-linux-gnu/8.3.0/include/omp.h:98:31: note: suggested alternative: 'omp_lock_hint_t'
 extern void omp_destroy_lock (omp_lock_t *) __GOMP_NOTHROW;
                               ^~~~~~~~~~
                               omp_lock_hint_t
/gpfs/software/juwels/stages/2019a/software/GCCcore/8.3.0/lib/gcc/x86_64-pc-linux-gnu/8.3.0/include/omp.h:98:43: error: expected primary-expression before ')' token
 extern void omp_destroy_lock (omp_lock_t *) __GOMP_NOTHROW;
                                           ^
/gpfs/software/juwels/stages/2019a/software/GCCcore/8.3.0/lib/gcc/x86_64-pc-linux-gnu/8.3.0/include/omp.h:99:27: error: variable or field 'omp_set_lock' declared void
 extern void omp_set_lock (omp_lock_t *) __GOMP_NOTHROW;
                           ^~~~~~~~~~
/gpfs/software/juwels/stages/2019a/software/GCCcore/8.3.0/lib/gcc/x86_64-pc-linux-gnu/8.3.0/include/omp.h:99:27: error: 'omp_lock_t' was not declared in this scope
/gpfs/software/juwels/stages/2019a/software/GCCcore/8.3.0/lib/gcc/x86_64-pc-linux-gnu/8.3.0/include/omp.h:99:27: note: suggested alternative: 'omp_lock_hint_t'
 extern void omp_set_lock (omp_lock_t *) __GOMP_NOTHROW;
                           ^~~~~~~~~~
                           omp_lock_hint_t
/gpfs/software/juwels/stages/2019a/software/GCCcore/8.3.0/lib/gcc/x86_64-pc-linux-gnu/8.3.0/include/omp.h:99:39: error: expected primary-expression before ')' token
 extern void omp_set_lock (omp_lock_t *) __GOMP_NOTHROW;
                                       ^
/gpfs/software/juwels/stages/2019a/software/GCCcore/8.3.0/lib/gcc/x86_64-pc-linux-gnu/8.3.0/include/omp.h:100:29: error: variable or field 'omp_unset_lock' declared void
 extern void omp_unset_lock (omp_lock_t *) __GOMP_NOTHROW;
                             ^~~~~~~~~~
/gpfs/software/juwels/stages/2019a/software/GCCcore/8.3.0/lib/gcc/x86_64-pc-linux-gnu/8.3.0/include/omp.h:100:29: error: 'omp_lock_t' was not declared in this scope
/gpfs/software/juwels/stages/2019a/software/GCCcore/8.3.0/lib/gcc/x86_64-pc-linux-gnu/8.3.0/include/omp.h:100:29: note: suggested alternative: 'omp_lock_hint_t'
 extern void omp_unset_lock (omp_lock_t *) __GOMP_NOTHROW;
                             ^~~~~~~~~~
                             omp_lock_hint_t
/gpfs/software/juwels/stages/2019a/software/GCCcore/8.3.0/lib/gcc/x86_64-pc-linux-gnu/8.3.0/include/omp.h:100:41: error: expected primary-expression before ')' token
 extern void omp_unset_lock (omp_lock_t *) __GOMP_NOTHROW;
                                         ^
/gpfs/software/juwels/stages/2019a/software/GCCcore/8.3.0/lib/gcc/x86_64-pc-linux-gnu/8.3.0/include/omp.h:101:27: error: 'omp_lock_t' was not declared in this scope
 extern int omp_test_lock (omp_lock_t *) __GOMP_NOTHROW;
                           ^~~~~~~~~~
/gpfs/software/juwels/stages/2019a/software/GCCcore/8.3.0/lib/gcc/x86_64-pc-linux-gnu/8.3.0/include/omp.h:101:27: note: suggested alternative: 'omp_lock_hint_t'
 extern int omp_test_lock (omp_lock_t *) __GOMP_NOTHROW;
                           ^~~~~~~~~~
                           omp_lock_hint_t
/gpfs/software/juwels/stages/2019a/software/GCCcore/8.3.0/lib/gcc/x86_64-pc-linux-gnu/8.3.0/include/omp.h:101:39: error: expected primary-expression before ')' token
 extern int omp_test_lock (omp_lock_t *) __GOMP_NOTHROW;
                                       ^
configure:4350: $? = 1
configure: failed program was:
| /* confdefs.h */
| #define PACKAGE_NAME "Nbody6++"
| #define PACKAGE_TARNAME "nbody6--"
| #define PACKAGE_VERSION "1.0"
| #define PACKAGE_STRING "Nbody6++ 1.0"
| #define PACKAGE_BUGREPORT "longwang.astro@gmail.com"
| #define PACKAGE_URL ""
| /* end confdefs.h.  */
| 
| #ifndef _OPENMP
|  choke me
| #endif
| #include <omp.h>
| int main () { return omp_get_num_threads (); }
| 
configure:4368: g++ -o conftest  -O3 -fopenmp   conftest.cpp  -lstdc++ >&5
configure:4368: $? = 0
configure:4382: result: -fopenmp
configure:4397: checking whether C++ compiler accepts -march=native
configure:4416: g++ -c  -O3 -fopenmp -I../include  -march=native  conftest.cpp >&5
configure:4416: $? = 0
configure:4424: result: yes
configure:4434: checking whether C++ compiler accepts -fPIC
configure:4453: g++ -c  -O3 -fopenmp -I../include -march=native  -fPIC  conftest.cpp >&5
configure:4453: $? = 0
configure:4461: result: yes
configure:4509: checking whether C++ compiler accepts -mcmodel=large
configure:4528: g++ -c  -O3 -fopenmp -I../include -march=native -fPIC  -mcmodel=large  conftest.cpp >&5
configure:4528: $? = 0
configure:4537: result: yes
configure:4832: checking for "/proc/cpuinfo"
configure:4846: result: yes
configure:4849: checking for grep that handles long lines and -e
configure:4907: result: /usr/bin/grep
configure:4917: checking whether current CPU support sse
configure:4923: result: yes
configure:4930: checking whether C++ compiler accepts -msse
configure:4949: g++ -c  -O3 -fopenmp -I../include -march=native -fPIC -mcmodel=large  -msse  conftest.cpp >&5
configure:4949: $? = 0
configure:4958: result: yes
configure:4991: checking how to run the C++ preprocessor
configure:5018: g++ -E  conftest.cpp
configure:5018: $? = 0
configure:5032: g++ -E  conftest.cpp
conftest.cpp:9:10: fatal error: ac_nonexistent.h: No such file or directory
 #include <ac_nonexistent.h>
          ^~~~~~~~~~~~~~~~~~
compilation terminated.
configure:5032: $? = 1
configure: failed program was:
| /* confdefs.h */
| #define PACKAGE_NAME "Nbody6++"
| #define PACKAGE_TARNAME "nbody6--"
| #define PACKAGE_VERSION "1.0"
| #define PACKAGE_STRING "Nbody6++ 1.0"
| #define PACKAGE_BUGREPORT "longwang.astro@gmail.com"
| #define PACKAGE_URL ""
| /* end confdefs.h.  */
| #include <ac_nonexistent.h>
configure:5057: result: g++ -E
configure:5077: g++ -E  conftest.cpp
configure:5077: $? = 0
configure:5091: g++ -E  conftest.cpp
conftest.cpp:9:10: fatal error: ac_nonexistent.h: No such file or directory
 #include <ac_nonexistent.h>
          ^~~~~~~~~~~~~~~~~~
compilation terminated.
configure:5091: $? = 1
configure: failed program was:
| /* confdefs.h */
| #define PACKAGE_NAME "Nbody6++"
| #define PACKAGE_TARNAME "nbody6--"
| #define PACKAGE_VERSION "1.0"
| #define PACKAGE_STRING "Nbody6++ 1.0"
| #define PACKAGE_BUGREPORT "longwang.astro@gmail.com"
| #define PACKAGE_URL ""
| /* end confdefs.h.  */
| #include <ac_nonexistent.h>
configure:5120: checking for egrep
configure:5182: result: /usr/bin/grep -E
configure:5187: checking for ANSI C header files
configure:5207: g++ -c  -O3 -fopenmp -I../include -march=native -fPIC -mcmodel=large -msse  conftest.cpp >&5
configure:5207: $? = 0
configure:5280: g++ -o conftest  -O3 -fopenmp -I../include -march=native -fPIC -mcmodel=large -msse   conftest.cpp  -lstdc++ >&5
configure:5280: $? = 0
configure:5280: ./conftest
configure:5280: $? = 0
configure:5291: result: yes
configure:5304: checking for sys/types.h
configure:5304: g++ -c  -O3 -fopenmp -I../include -march=native -fPIC -mcmodel=large -msse  conftest.cpp >&5
configure:5304: $? = 0
configure:5304: result: yes
configure:5304: checking for sys/stat.h
configure:5304: g++ -c  -O3 -fopenmp -I../include -march=native -fPIC -mcmodel=large -msse  conftest.cpp >&5
configure:5304: $? = 0
configure:5304: result: yes
configure:5304: checking for stdlib.h
configure:5304: g++ -c  -O3 -fopenmp -I../include -march=native -fPIC -mcmodel=large -msse  conftest.cpp >&5
configure:5304: $? = 0
configure:5304: result: yes
configure:5304: checking for string.h
configure:5304: g++ -c  -O3 -fopenmp -I../include -march=native -fPIC -mcmodel=large -msse  conftest.cpp >&5
configure:5304: $? = 0
configure:5304: result: yes
configure:5304: checking for memory.h
configure:5304: g++ -c  -O3 -fopenmp -I../include -march=native -fPIC -mcmodel=large -msse  conftest.cpp >&5
configure:5304: $? = 0
configure:5304: result: yes
configure:5304: checking for strings.h
configure:5304: g++ -c  -O3 -fopenmp -I../include -march=native -fPIC -mcmodel=large -msse  conftest.cpp >&5
configure:5304: $? = 0
configure:5304: result: yes
configure:5304: checking for inttypes.h
configure:5304: g++ -c  -O3 -fopenmp -I../include -march=native -fPIC -mcmodel=large -msse  conftest.cpp >&5
configure:5304: $? = 0
configure:5304: result: yes
configure:5304: checking for stdint.h
configure:5304: g++ -c  -O3 -fopenmp -I../include -march=native -fPIC -mcmodel=large -msse  conftest.cpp >&5
configure:5304: $? = 0
configure:5304: result: yes
configure:5304: checking for unistd.h
configure:5304: g++ -c  -O3 -fopenmp -I../include -march=native -fPIC -mcmodel=large -msse  conftest.cpp >&5
configure:5304: $? = 0
configure:5304: result: yes
configure:5319: checking for stdlib.h
configure:5319: result: yes
configure:5319: checking for string.h
configure:5319: result: yes
configure:5319: checking for strings.h
configure:5319: result: yes
configure:5319: checking sys/time.h usability
configure:5319: g++ -c  -O3 -fopenmp -I../include -march=native -fPIC -mcmodel=large -msse  conftest.cpp >&5
configure:5319: $? = 0
configure:5319: result: yes
configure:5319: checking sys/time.h presence
configure:5319: g++ -E  conftest.cpp
configure:5319: $? = 0
configure:5319: result: yes
configure:5319: checking for sys/time.h
configure:5319: result: yes
configure:5319: checking for unistd.h
configure:5319: result: yes
configure:5331: checking for stdbool.h that conforms to C99
configure:5398: g++ -c  -O3 -fopenmp -I../include -march=native -fPIC -mcmodel=large -msse  conftest.cpp >&5
conftest.cpp:27:15: error: expected unqualified-id before string constant
               "error: bool is not defined"
               ^~~~~~~~~~~~~~~~~~~~~~~~~~~~
conftest.cpp:45:48: error: 's' does not name a type
              struct s { _Bool s: 1; _Bool t; } s;
                                                ^
conftest.cpp:55:28: error: 's' was not declared in this scope
              char i[sizeof s.t];
                            ^
conftest.cpp: In function 'int main()':
conftest.cpp:73:24: error: 's' was not declared in this scope
              bool e = &s;
                        ^
conftest.cpp:77:63: error: 'i' was not declared in this scope
              return (!a + !b + !c + !d + !e + !f + !g + !h + !i + !!j + !k + !!l
                                                               ^
configure:5398: $? = 1
configure: failed program was:
| /* confdefs.h */
| #define PACKAGE_NAME "Nbody6++"
| #define PACKAGE_TARNAME "nbody6--"
| #define PACKAGE_VERSION "1.0"
| #define PACKAGE_STRING "Nbody6++ 1.0"
| #define PACKAGE_BUGREPORT "longwang.astro@gmail.com"
| #define PACKAGE_URL ""
| #define STDC_HEADERS 1
| #define HAVE_SYS_TYPES_H 1
| #define HAVE_SYS_STAT_H 1
| #define HAVE_STDLIB_H 1
| #define HAVE_STRING_H 1
| #define HAVE_MEMORY_H 1
| #define HAVE_STRINGS_H 1
| #define HAVE_INTTYPES_H 1
| #define HAVE_STDINT_H 1
| #define HAVE_UNISTD_H 1
| #define HAVE_STDLIB_H 1
| #define HAVE_STRING_H 1
| #define HAVE_STRINGS_H 1
| #define HAVE_SYS_TIME_H 1
| #define HAVE_UNISTD_H 1
| /* end confdefs.h.  */
| 
|              #include <stdbool.h>
|              #ifndef bool
|               "error: bool is not defined"
|              #endif
|              #ifndef false
|               "error: false is not defined"
|              #endif
|              #if false
|               "error: false is not 0"
|              #endif
|              #ifndef true
|               "error: true is not defined"
|              #endif
|              #if true != 1
|               "error: true is not 1"
|              #endif
|              #ifndef __bool_true_false_are_defined
|               "error: __bool_true_false_are_defined is not defined"
|              #endif
| 
|              struct s { _Bool s: 1; _Bool t; } s;
| 
|              char a[true == 1 ? 1 : -1];
|              char b[false == 0 ? 1 : -1];
|              char c[__bool_true_false_are_defined == 1 ? 1 : -1];
|              char d[(bool) 0.5 == true ? 1 : -1];
|              /* See body of main program for 'e'.  */
|              char f[(_Bool) 0.0 == false ? 1 : -1];
|              char g[true];
|              char h[sizeof (_Bool)];
|              char i[sizeof s.t];
|              enum { j = false, k = true, l = false * true, m = true * 256 };
|              /* The following fails for
|                 HP aC++/ANSI C B3910B A.05.55 [Dec 04 2003]. */
|              _Bool n[m];
|              char o[sizeof n == m * sizeof n[0] ? 1 : -1];
|              char p[-1 - (_Bool) 0 < 0 && -1 - (bool) 0 < 0 ? 1 : -1];
|              /* Catch a bug in an HP-UX C compiler.  See
|                 http://gcc.gnu.org/ml/gcc-patches/2003-12/msg02303.html
|                 http://lists.gnu.org/archive/html/bug-coreutils/2005-11/msg00161.html
|               */
|              _Bool q = true;
|              _Bool *pq = &q;
| 
| int
| main ()
| {
| 
|              bool e = &s;
|              *pq |= q;
|              *pq |= ! q;
|              /* Refer to every declared value, to avoid compiler optimizations.  */
|              return (!a + !b + !c + !d + !e + !f + !g + !h + !i + !!j + !k + !!l
|                      + !m + !n + !o + !p + !q + !pq);
| 
|   ;
|   return 0;
| }
configure:5405: result: no
configure:5407: checking for _Bool
configure:5407: g++ -c  -O3 -fopenmp -I../include -march=native -fPIC -mcmodel=large -msse  conftest.cpp >&5
conftest.cpp: In function 'int main()':
conftest.cpp:60:13: error: '_Bool' was not declared in this scope
 if (sizeof (_Bool))
             ^~~~~
conftest.cpp:60:13: note: suggested alternative: 'bool'
 if (sizeof (_Bool))
             ^~~~~
             bool
configure:5407: $? = 1
configure: failed program was:
| /* confdefs.h */
| #define PACKAGE_NAME "Nbody6++"
| #define PACKAGE_TARNAME "nbody6--"
| #define PACKAGE_VERSION "1.0"
| #define PACKAGE_STRING "Nbody6++ 1.0"
| #define PACKAGE_BUGREPORT "longwang.astro@gmail.com"
| #define PACKAGE_URL ""
| #define STDC_HEADERS 1
| #define HAVE_SYS_TYPES_H 1
| #define HAVE_SYS_STAT_H 1
| #define HAVE_STDLIB_H 1
| #define HAVE_STRING_H 1
| #define HAVE_MEMORY_H 1
| #define HAVE_STRINGS_H 1
| #define HAVE_INTTYPES_H 1
| #define HAVE_STDINT_H 1
| #define HAVE_UNISTD_H 1
| #define HAVE_STDLIB_H 1
| #define HAVE_STRING_H 1
| #define HAVE_STRINGS_H 1
| #define HAVE_SYS_TIME_H 1
| #define HAVE_UNISTD_H 1
| /* end confdefs.h.  */
| #include <stdio.h>
| #ifdef HAVE_SYS_TYPES_H
| # include <sys/types.h>
| #endif
| #ifdef HAVE_SYS_STAT_H
| # include <sys/stat.h>
| #endif
| #ifdef STDC_HEADERS
| # include <stdlib.h>
| # include <stddef.h>
| #else
| # ifdef HAVE_STDLIB_H
| #  include <stdlib.h>
| # endif
| #endif
| #ifdef HAVE_STRING_H
| # if !defined STDC_HEADERS && defined HAVE_MEMORY_H
| #  include <memory.h>
| # endif
| # include <string.h>
| #endif
| #ifdef HAVE_STRINGS_H
| # include <strings.h>
| #endif
| #ifdef HAVE_INTTYPES_H
| # include <inttypes.h>
| #endif
| #ifdef HAVE_STDINT_H
| # include <stdint.h>
| #endif
| #ifdef HAVE_UNISTD_H
| # include <unistd.h>
| #endif
| int
| main ()
| {
| if (sizeof (_Bool))
| 	 return 0;
|   ;
|   return 0;
| }
configure:5407: result: no
configure:5418: checking for inline
configure:5434: g++ -c  -O3 -fopenmp -I../include -march=native -fPIC -mcmodel=large -msse  conftest.cpp >&5
configure:5434: $? = 0
configure:5442: result: inline
configure:5460: checking for size_t
configure:5460: g++ -c  -O3 -fopenmp -I../include -march=native -fPIC -mcmodel=large -msse  conftest.cpp >&5
configure:5460: $? = 0
configure:5460: g++ -c  -O3 -fopenmp -I../include -march=native -fPIC -mcmodel=large -msse  conftest.cpp >&5
conftest.cpp: In function 'int main()':
conftest.cpp:60:20: error: expected primary-expression before ')' token
 if (sizeof ((size_t)))
                    ^
configure:5460: $? = 1
configure: failed program was:
| /* confdefs.h */
| #define PACKAGE_NAME "Nbody6++"
| #define PACKAGE_TARNAME "nbody6--"
| #define PACKAGE_VERSION "1.0"
| #define PACKAGE_STRING "Nbody6++ 1.0"
| #define PACKAGE_BUGREPORT "longwang.astro@gmail.com"
| #define PACKAGE_URL ""
| #define STDC_HEADERS 1
| #define HAVE_SYS_TYPES_H 1
| #define HAVE_SYS_STAT_H 1
| #define HAVE_STDLIB_H 1
| #define HAVE_STRING_H 1
| #define HAVE_MEMORY_H 1
| #define HAVE_STRINGS_H 1
| #define HAVE_INTTYPES_H 1
| #define HAVE_STDINT_H 1
| #define HAVE_UNISTD_H 1
| #define HAVE_STDLIB_H 1
| #define HAVE_STRING_H 1
| #define HAVE_STRINGS_H 1
| #define HAVE_SYS_TIME_H 1
| #define HAVE_UNISTD_H 1
| /* end confdefs.h.  */
| #include <stdio.h>
| #ifdef HAVE_SYS_TYPES_H
| # include <sys/types.h>
| #endif
| #ifdef HAVE_SYS_STAT_H
| # include <sys/stat.h>
| #endif
| #ifdef STDC_HEADERS
| # include <stdlib.h>
| # include <stddef.h>
| #else
| # ifdef HAVE_STDLIB_H
| #  include <stdlib.h>
| # endif
| #endif
| #ifdef HAVE_STRING_H
| # if !defined STDC_HEADERS && defined HAVE_MEMORY_H
| #  include <memory.h>
| # endif
| # include <string.h>
| #endif
| #ifdef HAVE_STRINGS_H
| # include <strings.h>
| #endif
| #ifdef HAVE_INTTYPES_H
| # include <inttypes.h>
| #endif
| #ifdef HAVE_STDINT_H
| # include <stdint.h>
| #endif
| #ifdef HAVE_UNISTD_H
| # include <unistd.h>
| #endif
| int
| main ()
| {
| if (sizeof ((size_t)))
| 	    return 0;
|   ;
|   return 0;
| }
configure:5460: result: yes
configure:5475: checking for stdlib.h
configure:5475: result: yes
configure:5485: checking for GNU libc compatible malloc
configure:5509: g++ -o conftest  -O3 -fopenmp -I../include -march=native -fPIC -mcmodel=large -msse   conftest.cpp  -lstdc++ >&5
configure:5509: $? = 0
configure:5509: ./conftest
configure:5509: $? = 0
configure:5519: result: yes
configure:5543: checking for gettimeofday
configure:5543: g++ -o conftest  -O3 -fopenmp -I../include -march=native -fPIC -mcmodel=large -msse   conftest.cpp  -lstdc++ >&5
configure:5543: $? = 0
configure:5543: result: yes
configure:5543: checking for memset
configure:5543: g++ -o conftest  -O3 -fopenmp -I../include -march=native -fPIC -mcmodel=large -msse   conftest.cpp  -lstdc++ >&5
conftest.cpp:50:6: warning: declaration of 'char memset()' conflicts with built-in declaration 'void* memset(void*, int, long unsigned int)' [-Wbuiltin-declaration-mismatch]
 char memset ();
      ^~~~~~
configure:5543: $? = 0
configure:5543: result: yes
configure:5543: checking for sqrt
configure:5543: g++ -o conftest  -O3 -fopenmp -I../include -march=native -fPIC -mcmodel=large -msse   conftest.cpp  -lstdc++ >&5
conftest.cpp:51:6: warning: declaration of 'char sqrt()' conflicts with built-in declaration 'double sqrt(double)' [-Wbuiltin-declaration-mismatch]
 char sqrt ();
      ^~~~
configure:5543: $? = 0
configure:5543: result: yes
configure:5543: checking for strchr
configure:5543: g++ -o conftest  -O3 -fopenmp -I../include -march=native -fPIC -mcmodel=large -msse   conftest.cpp  -lstdc++ >&5
conftest.cpp:52:6: warning: declaration of 'char strchr()' conflicts with built-in declaration 'char* strchr(const char*, int)' [-Wbuiltin-declaration-mismatch]
 char strchr ();
      ^~~~~~
configure:5543: $? = 0
configure:5543: result: yes
configure:5576: checking for nvcc
configure:5592: found /gpfs/software/juwels/stages/2019a/software/CUDA/10.1.105/bin/nvcc
configure:5604: result: nvcc
configure:5658: checking for a sed that does not truncate output
configure:5722: result: /usr/bin/sed
configure:5729: checking for main in -lcudart
configure:5748: g++ -o conftest  -O3 -fopenmp -I../include -march=native -fPIC -mcmodel=large -msse   conftest.cpp -lcudart   -lstdc++ >&5
configure:5748: $? = 0
configure:5757: result: yes
configure:5796: checking for gawk
configure:5812: found /usr/bin/gawk
configure:5823: result: gawk
configure:5834: checking for CUDA version
configure:5838: result: 10.1
configure:5843: checking for "/gpfs/software/juwels/stages/2019a/software/CUDA/10.1.105/samples/common/inc/helper_cuda.h"
configure:5857: result: yes
configure:6185: ----------------------Configure Summary--------------------
configure:6187: --Features:
configure:6189:      Using MPI:      yes
configure:6191:      Using GPU:      yes
configure:6193:      CUDA version:   10.1
configure:6195:      Using SIMD:     sse
configure:6209:      mcmodel:        large
configure:6211:      OpenMP option:  -fopenmp
configure:6213:      Debug mode:     no
configure:6215:      HDF5 format:    no
configure:6217:      TT package:     no
configure:6219: --Compilers:
configure:6221:      C++ compiler:      g++
configure:6223:      Fortran compiler:  mpif77
configure:6225:      CUDA compiler:     nvcc
configure:6227: --Targets:
configure:6229:      Program name:   nbody6++.sse.gpu.mpi
configure:6231:      Extra tools:    no
configure:6233:      Install path:   NONE
configure:6235: --Parameters:
configure:6237:      NMAX:           1510720
configure:6239:      KMAX:           512000
configure:6241:      LMAX:           600
configure:6243:      MMAX:           2048
configure:6245: -----------------------------------------------------------
configure:6257: Reference paper: Wang, L., et al., 2015, MNRAS, 450, 4070 (http://arxiv.org/abs/1504.03687)
configure:6259: Email: Long Wang<longwang.astro@gmail.com>
configure:6261: -----------------------------------------------------------
configure:6416: creating ./config.status

## ---------------------- ##
## Running config.status. ##
## ---------------------- ##

This file was extended by Nbody6++ config.status 1.0, which was
generated by GNU Autoconf 2.69.  Invocation command line was

  CONFIG_FILES    = 
  CONFIG_HEADERS  = 
  CONFIG_LINKS    = 
  CONFIG_COMMANDS = 
  $ ./config.status 

on juwels03.ib.juwels.fzj.de

config.status:747: creating Makefile
config.status:747: creating build/Makefile
config.status:747: creating include/params.h

## ---------------- ##
## Cache variables. ##
## ---------------- ##

ac_cv_c_compiler_gnu=yes
ac_cv_c_inline=inline
ac_cv_cxx_compiler_gnu=yes
ac_cv_env_CCC_set=
ac_cv_env_CCC_value=
ac_cv_env_CC_set=
ac_cv_env_CC_value=
ac_cv_env_CFLAGS_set=
ac_cv_env_CFLAGS_value=
ac_cv_env_CPPFLAGS_set=
ac_cv_env_CPPFLAGS_value=
ac_cv_env_CXXCPP_set=
ac_cv_env_CXXCPP_value=
ac_cv_env_CXXFLAGS_set=
ac_cv_env_CXXFLAGS_value=
ac_cv_env_CXX_set=
ac_cv_env_CXX_value=
ac_cv_env_FCFLAGS_set=
ac_cv_env_FCFLAGS_value=
ac_cv_env_FC_set=
ac_cv_env_FC_value=
ac_cv_env_LDFLAGS_set=
ac_cv_env_LDFLAGS_value=
ac_cv_env_LIBS_set=
ac_cv_env_LIBS_value=
ac_cv_env_build_alias_set=
ac_cv_env_build_alias_value=
ac_cv_env_host_alias_set=
ac_cv_env_host_alias_value=
ac_cv_env_target_alias_set=
ac_cv_env_target_alias_value=
ac_cv_fc_compiler_gnu=yes
ac_cv_file__gpfs_software_juwels_stages_2019a_software_CUDA_10_1_105_samples_common_inc_helper_cuda_h=yes
ac_cv_file__proc_cpuinfo=yes
ac_cv_func_gettimeofday=yes
ac_cv_func_malloc_0_nonnull=yes
ac_cv_func_memset=yes
ac_cv_func_sqrt=yes
ac_cv_func_strchr=yes
ac_cv_header_inttypes_h=yes
ac_cv_header_memory_h=yes
ac_cv_header_stdbool_h=no
ac_cv_header_stdc=yes
ac_cv_header_stdint_h=yes
ac_cv_header_stdlib_h=yes
ac_cv_header_string_h=yes
ac_cv_header_strings_h=yes
ac_cv_header_sys_stat_h=yes
ac_cv_header_sys_time_h=yes
ac_cv_header_sys_types_h=yes
ac_cv_header_unistd_h=yes
ac_cv_lib_cudart_main=yes
ac_cv_lib_stdcpp_main=yes
ac_cv_objext=o
ac_cv_path_EGREP='/usr/bin/grep -E'
ac_cv_path_GREP=/usr/bin/grep
ac_cv_path_SED=/usr/bin/sed
ac_cv_prog_AWK=gawk
ac_cv_prog_CXXCPP='g++ -E'
ac_cv_prog_FC=mpif77
ac_cv_prog_NVCC=nvcc
ac_cv_prog_ac_ct_CC=gcc
ac_cv_prog_ac_ct_CXX=g++
ac_cv_prog_ac_ct_FC=gfortran
ac_cv_prog_cc_c89=
ac_cv_prog_cc_g=yes
ac_cv_prog_cxx_g=yes
ac_cv_prog_cxx_openmp=-fopenmp
ac_cv_prog_fc_g=yes
ac_cv_prog_fc_openmp=-fopenmp
ac_cv_type__Bool=no
ac_cv_type_size_t=yes
ax_cv_check_cxxflags___fPIC=yes
ax_cv_check_cxxflags___march_native=yes
ax_cv_check_cxxflags___mcmodel_large=yes
ax_cv_check_cxxflags___msse=yes
ax_cv_check_fcflags___fPIC=yes
ax_cv_check_fcflags___mcmodel_large=yes

## ----------------- ##
## Output variables. ##
## ----------------- ##

AWK='gawk'
CC='gcc'
CFLAGS='-g -O2'
CPPFLAGS=''
CUFLAGS=' -O3 -D CUDA_5 -I /gpfs/software/juwels/stages/2019a/software/CUDA/10.1.105/samples/common/inc'
CXX='g++'
CXXCPP='g++ -E'
CXXFLAGS=' -O3 -fopenmp -I../include -march=native -fPIC -mcmodel=large -msse ${OMP_FLAGS}'
DEFS='-DPACKAGE_NAME=\"Nbody6++\" -DPACKAGE_TARNAME=\"nbody6--\" -DPACKAGE_VERSION=\"1.0\" -DPACKAGE_STRING=\"Nbody6++\ 1.0\" -DPACKAGE_BUGREPORT=\"longwang.astro@gmail.com\" -DPACKAGE_URL=\"\" -DSTDC_HEADERS=1 -DHAVE_SYS_TYPES_H=1 -DHAVE_SYS_STAT_H=1 -DHAVE_STDLIB_H=1 -DHAVE_STRING_H=1 -DHAVE_MEMORY_H=1 -DHAVE_STRINGS_H=1 -DHAVE_INTTYPES_H=1 -DHAVE_STDINT_H=1 -DHAVE_UNISTD_H=1 -DHAVE_STDLIB_H=1 -DHAVE_STRING_H=1 -DHAVE_STRINGS_H=1 -DHAVE_SYS_TIME_H=1 -DHAVE_UNISTD_H=1 -DHAVE_STDLIB_H=1 -DHAVE_MALLOC=1 -DHAVE_GETTIMEOFDAY=1 -DHAVE_MEMSET=1 -DHAVE_SQRT=1 -DHAVE_STRCHR=1'
ECHO_C=''
ECHO_N='-n'
ECHO_T=''
EGREP='/usr/bin/grep -E'
EXEEXT=''
EXTRAOBJ=' $(CUDA_OBJECTS) ${IRRSSE_OBJECTS}'
EXTRARESULT=''
EXTRASRC=' $(GPU_FSOURCES) $(MPI_FSOURCES)'
FC='mpif77'
FCFLAGS=' -O3 -fPIC -mcmodel=large -fopenmp -I../include $(GPU_FLAGS) $(MPI_FLAGS) ${SIMD_FLAGS} ${OMP_FLAGS}'
GREP='/usr/bin/grep'
KMAX='512000'
LDFLAGS=' -L'
LIBOBJS=''
LIBS=' -lstdc++ -lcudart'
LMAX='600'
LTLIBOBJS=''
MMAX='2048'
NMAX='1510720'
NVCC='nvcc'
OBJEXT='o'
OPENMP_CXXFLAGS='-fopenmp'
OPENMP_FCFLAGS='-fopenmp'
PACKAGE_BUGREPORT='longwang.astro@gmail.com'
PACKAGE_NAME='Nbody6++'
PACKAGE_STRING='Nbody6++ 1.0'
PACKAGE_TARNAME='nbody6--'
PACKAGE_URL=''
PACKAGE_VERSION='1.0'
PATH_SEPARATOR=':'
RESULT='.sse.gpu.mpi'
SED='/usr/bin/sed'
SHELL='/bin/sh'
ac_ct_CC='gcc'
ac_ct_CXX='g++'
ac_ct_FC='gfortran'
bindir='${exec_prefix}/bin'
build_alias=''
datadir='${datarootdir}'
datarootdir='${prefix}/share'
docdir='${datarootdir}/doc/${PACKAGE_TARNAME}'
dvidir='${docdir}'
exec_prefix='${prefix}'
host_alias=''
htmldir='${docdir}'
includedir='${prefix}/include'
infodir='${datarootdir}/info'
libdir='${exec_prefix}/lib'
libexecdir='${exec_prefix}/libexec'
localedir='${datarootdir}/locale'
localstatedir='${prefix}/var'
mandir='${datarootdir}/man'
oldincludedir='/usr/include'
pdfdir='${docdir}'
prefix='/usr/local'
program_transform_name='s,x,x,'
psdir='${docdir}'
sbindir='${exec_prefix}/sbin'
sharedstatedir='${prefix}/com'
sysconfdir='${prefix}/etc'
target_alias=''

## ----------- ##
## confdefs.h. ##
## ----------- ##

/* confdefs.h */
#define PACKAGE_NAME "Nbody6++"
#define PACKAGE_TARNAME "nbody6--"
#define PACKAGE_VERSION "1.0"
#define PACKAGE_STRING "Nbody6++ 1.0"
#define PACKAGE_BUGREPORT "longwang.astro@gmail.com"
#define PACKAGE_URL ""
#define STDC_HEADERS 1
#define HAVE_SYS_TYPES_H 1
#define HAVE_SYS_STAT_H 1
#define HAVE_STDLIB_H 1
#define HAVE_STRING_H 1
#define HAVE_MEMORY_H 1
#define HAVE_STRINGS_H 1
#define HAVE_INTTYPES_H 1
#define HAVE_STDINT_H 1
#define HAVE_UNISTD_H 1
#define HAVE_STDLIB_H 1
#define HAVE_STRING_H 1
#define HAVE_STRINGS_H 1
#define HAVE_SYS_TIME_H 1
#define HAVE_UNISTD_H 1
#define HAVE_STDLIB_H 1
#define HAVE_MALLOC 1
#define HAVE_GETTIMEOFDAY 1
#define HAVE_MEMSET 1
#define HAVE_SQRT 1
#define HAVE_STRCHR 1

configure: exit 0
