This file contains any messages produced by compilers while
running configure, to aid debugging if configure makes a mistake.

It was created by Nbody6++ configure 1.0, which was
generated by GNU Autoconf 2.69.  Invocation command line was

  $ ./configure 

## --------- ##
## Platform. ##
## --------- ##

hostname = jazzy
uname -m = x86_64
uname -r = 3.11.6-4-desktop
uname -s = Linux
uname -v = #1 SMP PREEMPT Wed Oct 30 18:04:56 UTC 2013 (e6d4a27)

/usr/bin/uname -p = x86_64
/bin/uname -X     = unknown

/bin/arch              = x86_64
/usr/bin/arch -k       = unknown
/usr/convex/getsysinfo = unknown
/usr/bin/hostinfo      = unknown
/bin/machine           = unknown
/usr/bin/oslevel       = unknown
/bin/universe          = unknown

PATH: /home/Tux/spurzem/bin
PATH: /usr/lib64/mpi/gcc/openmpi/bin
PATH: /usr/local/bin
PATH: /usr/bin
PATH: /bin
PATH: /usr/games
PATH: /usr/X11R6/bin
PATH: /usr/bin/X11
PATH: /opt/kde3/bin
PATH: /usr/sbin
PATH: /home/Tux/spurzem/bin
PATH: /usr/sbin
PATH: /home/Tux/spurzem/bin
PATH: /usr/sbin


## ----------- ##
## Core tests. ##
## ----------- ##

configure:2572: checking for gfortran
configure:2588: found /usr/bin/gfortran
configure:2599: result: gfortran
configure:2625: checking for Fortran compiler version
configure:2634: gfortran --version >&5
GNU Fortran (SUSE Linux) 4.8.1 20130909 [gcc-4_8-branch revision 202388]
Copyright (C) 2013 Free Software Foundation, Inc.

GNU Fortran comes with NO WARRANTY, to the extent permitted by law.
You may redistribute copies of GNU Fortran
under the terms of the GNU General Public License.
For more information about these matters, see the file named COPYING

configure:2645: $? = 0
configure:2634: gfortran -v >&5
Using built-in specs.
COLLECT_GCC=gfortran
COLLECT_LTO_WRAPPER=/usr/lib64/gcc/x86_64-suse-linux/4.8/lto-wrapper
Target: x86_64-suse-linux
Configured with: ../configure --prefix=/usr --infodir=/usr/share/info --mandir=/usr/share/man --libdir=/usr/lib64 --libexecdir=/usr/lib64 --enable-languages=c,c++,objc,fortran,obj-c++,java,ada --enable-checking=release --with-gxx-include-dir=/usr/include/c++/4.8 --enable-ssp --disable-libssp --disable-plugin --with-bugurl=http://bugs.opensuse.org/ --with-pkgversion='SUSE Linux' --disable-libgcj --disable-libmudflap --with-slibdir=/lib64 --with-system-zlib --enable-__cxa_atexit --enable-libstdcxx-allocator=new --disable-libstdcxx-pch --enable-version-specific-runtime-libs --enable-linker-build-id --program-suffix=-4.8 --enable-linux-futex --without-system-libunwind --with-arch-32=i586 --with-tune=generic --build=x86_64-suse-linux
Thread model: posix
gcc version 4.8.1 20130909 [gcc-4_8-branch revision 202388] (SUSE Linux) 
configure:2645: $? = 0
configure:2634: gfortran -V >&5
gfortran: error: unrecognized command line option '-V'
gfortran: fatal error: no input files
compilation terminated.
configure:2645: $? = 1
configure:2634: gfortran -qversion >&5
gfortran: error: unrecognized command line option '-qversion'
gfortran: fatal error: no input files
compilation terminated.
configure:2645: $? = 1
configure:2660: checking whether the Fortran compiler works
configure:2682: gfortran    conftest.f  >&5
configure:2686: $? = 0
configure:2734: result: yes
configure:2737: checking for Fortran compiler default output file name
configure:2739: result: a.out
configure:2745: checking for suffix of executables
configure:2752: gfortran -o conftest    conftest.f  >&5
configure:2756: $? = 0
configure:2778: result: 
configure:2794: checking whether we are cross compiling
configure:2802: gfortran -o conftest    conftest.f  >&5
configure:2806: $? = 0
configure:2813: ./conftest
configure:2817: $? = 0
configure:2832: result: no
configure:2837: checking for suffix of object files
configure:2853: gfortran -c   conftest.f >&5
configure:2857: $? = 0
configure:2878: result: o
configure:2886: checking whether we are using the GNU Fortran compiler
configure:2899: gfortran -c   conftest.F >&5
configure:2899: $? = 0
configure:2908: result: yes
configure:2914: checking whether gfortran accepts -g
configure:2925: gfortran -c -g  conftest.f >&5
configure:2925: $? = 0
configure:2933: result: yes
configure:2966: checking for Fortran flag to enable array-bounds checking
configure:2984: gfortran -o conftest -g -O2 -fcheck=bounds   conftest.f  >&5
configure:2984: $? = 0
configure:3003: gfortran -o conftest -g -O2 -fcheck=bounds   conftest.f  >&5
configure:3003: $? = 0
configure:3015: ./conftest
At line 4 of file conftest.f
Fortran runtime error: Index '8' of dimension 1 of array 'a' above upper bound of 7
configure:3019: $? = 2
configure:3038: result: -fcheck=bounds
configure:3120: checking whether Fortran compiler accepts -fPIC
configure:3133: gfortran -c  -O3  -fPIC  conftest.f >&5
configure:3133: $? = 0
configure:3141: result: yes
configure:3183: checking whether Fortran compiler accepts -mcmodel=medium
configure:3196: gfortran -c  -O3 -fPIC  -mcmodel=medium  conftest.f >&5
configure:3196: $? = 0
configure:3205: result: yes
configure:3225: checking for gfortran option to support OpenMP
configure:3240: gfortran -o conftest  -O3 -fPIC -mcmodel=medium   conftest.f  >&5
conftest.f:5.9:

      tid = 42                                                          
         1
Error: Symbol 'tid' at (1) has no IMPLICIT type
configure:3240: $? = 1
configure: failed program was:
| 
|       program main
|       implicit none
| !$    integer tid
|       tid = 42
|       call omp_set_num_threads(2)
|       end
| 
configure:3258: gfortran -o conftest  -O3 -fPIC -mcmodel=medium -fopenmp   conftest.f  >&5
configure:3258: $? = 0
configure:3272: result: -fopenmp
configure:3336: checking for mpif77
configure:3352: found /usr/lib64/mpi/gcc/openmpi/bin/mpif77
configure:3364: result: mpif77
configure:3738: checking for g++
configure:3754: found /usr/bin/g++
configure:3765: result: g++
configure:3792: checking for C++ compiler version
configure:3801: g++ --version >&5
g++ (SUSE Linux) 4.8.1 20130909 [gcc-4_8-branch revision 202388]
Copyright (C) 2013 Free Software Foundation, Inc.
This is free software; see the source for copying conditions.  There is NO
warranty; not even for MERCHANTABILITY or FITNESS FOR A PARTICULAR PURPOSE.

configure:3812: $? = 0
configure:3801: g++ -v >&5
Using built-in specs.
COLLECT_GCC=g++
COLLECT_LTO_WRAPPER=/usr/lib64/gcc/x86_64-suse-linux/4.8/lto-wrapper
Target: x86_64-suse-linux
Configured with: ../configure --prefix=/usr --infodir=/usr/share/info --mandir=/usr/share/man --libdir=/usr/lib64 --libexecdir=/usr/lib64 --enable-languages=c,c++,objc,fortran,obj-c++,java,ada --enable-checking=release --with-gxx-include-dir=/usr/include/c++/4.8 --enable-ssp --disable-libssp --disable-plugin --with-bugurl=http://bugs.opensuse.org/ --with-pkgversion='SUSE Linux' --disable-libgcj --disable-libmudflap --with-slibdir=/lib64 --with-system-zlib --enable-__cxa_atexit --enable-libstdcxx-allocator=new --disable-libstdcxx-pch --enable-version-specific-runtime-libs --enable-linker-build-id --program-suffix=-4.8 --enable-linux-futex --without-system-libunwind --with-arch-32=i586 --with-tune=generic --build=x86_64-suse-linux
Thread model: posix
gcc version 4.8.1 20130909 [gcc-4_8-branch revision 202388] (SUSE Linux) 
configure:3812: $? = 0
configure:3801: g++ -V >&5
g++: error: unrecognized command line option '-V'
g++: fatal error: no input files
compilation terminated.
configure:3812: $? = 1
configure:3801: g++ -qversion >&5
g++: error: unrecognized command line option '-qversion'
g++: fatal error: no input files
compilation terminated.
configure:3812: $? = 1
configure:3816: checking whether we are using the GNU C++ compiler
configure:3835: g++ -c   conftest.cpp >&5
configure:3835: $? = 0
configure:3844: result: yes
configure:3853: checking whether g++ accepts -g
configure:3873: g++ -c -g  conftest.cpp >&5
configure:3873: $? = 0
configure:3914: result: yes
configure:3985: checking for gcc
configure:4001: found /usr/bin/gcc
configure:4012: result: gcc
configure:4241: checking for C compiler version
configure:4250: gcc --version >&5
gcc (SUSE Linux) 4.8.1 20130909 [gcc-4_8-branch revision 202388]
Copyright (C) 2013 Free Software Foundation, Inc.
This is free software; see the source for copying conditions.  There is NO
warranty; not even for MERCHANTABILITY or FITNESS FOR A PARTICULAR PURPOSE.

configure:4261: $? = 0
configure:4250: gcc -v >&5
Using built-in specs.
COLLECT_GCC=gcc
COLLECT_LTO_WRAPPER=/usr/lib64/gcc/x86_64-suse-linux/4.8/lto-wrapper
Target: x86_64-suse-linux
Configured with: ../configure --prefix=/usr --infodir=/usr/share/info --mandir=/usr/share/man --libdir=/usr/lib64 --libexecdir=/usr/lib64 --enable-languages=c,c++,objc,fortran,obj-c++,java,ada --enable-checking=release --with-gxx-include-dir=/usr/include/c++/4.8 --enable-ssp --disable-libssp --disable-plugin --with-bugurl=http://bugs.opensuse.org/ --with-pkgversion='SUSE Linux' --disable-libgcj --disable-libmudflap --with-slibdir=/lib64 --with-system-zlib --enable-__cxa_atexit --enable-libstdcxx-allocator=new --disable-libstdcxx-pch --enable-version-specific-runtime-libs --enable-linker-build-id --program-suffix=-4.8 --enable-linux-futex --without-system-libunwind --with-arch-32=i586 --with-tune=generic --build=x86_64-suse-linux
Thread model: posix
gcc version 4.8.1 20130909 [gcc-4_8-branch revision 202388] (SUSE Linux) 
configure:4261: $? = 0
configure:4250: gcc -V >&5
gcc: error: unrecognized command line option '-V'
gcc: fatal error: no input files
compilation terminated.
configure:4261: $? = 1
configure:4250: gcc -qversion >&5
gcc: error: unrecognized command line option '-qversion'
gcc: fatal error: no input files
compilation terminated.
configure:4261: $? = 1
configure:4265: checking whether we are using the GNU C compiler
configure:4284: gcc -c   conftest.c >&5
configure:4284: $? = 0
configure:4293: result: yes
configure:4302: checking whether gcc accepts -g
configure:4322: gcc -c -g  conftest.c >&5
configure:4322: $? = 0
configure:4363: result: yes
configure:4380: checking for gcc option to accept ISO C89
configure:4443: gcc  -c -g -O2  conftest.c >&5
configure:4443: $? = 0
configure:4456: result: none needed
configure:4478: checking for main in -lstdc++
configure:4497: g++ -o conftest -g -O2   conftest.cpp -lstdc++   >&5
configure:4497: $? = 0
configure:4506: result: yes
configure:4526: checking for g++ option to support OpenMP
configure:4541: g++ -o conftest  -O3   conftest.cpp  -lstdc++ >&5
conftest.cpp:11:2: error: 'choke' does not name a type
  choke me
  ^
In file included from conftest.cpp:13:0:
/usr/lib64/gcc/x86_64-suse-linux/4.8/include/omp.h:38:3: error: 'omp_lock_t' does not name a type
 } omp_lock_t;
   ^
/usr/lib64/gcc/x86_64-suse-linux/4.8/include/omp.h:76:28: error: variable or field 'omp_init_lock' declared void
 extern void omp_init_lock (omp_lock_t *) __GOMP_NOTHROW;
                            ^
/usr/lib64/gcc/x86_64-suse-linux/4.8/include/omp.h:76:28: error: 'omp_lock_t' was not declared in this scope
/usr/lib64/gcc/x86_64-suse-linux/4.8/include/omp.h:76:40: error: expected primary-expression before ')' token
 extern void omp_init_lock (omp_lock_t *) __GOMP_NOTHROW;
                                        ^
/usr/lib64/gcc/x86_64-suse-linux/4.8/include/omp.h:77:31: error: variable or field 'omp_destroy_lock' declared void
 extern void omp_destroy_lock (omp_lock_t *) __GOMP_NOTHROW;
                               ^
/usr/lib64/gcc/x86_64-suse-linux/4.8/include/omp.h:77:31: error: 'omp_lock_t' was not declared in this scope
/usr/lib64/gcc/x86_64-suse-linux/4.8/include/omp.h:77:43: error: expected primary-expression before ')' token
 extern void omp_destroy_lock (omp_lock_t *) __GOMP_NOTHROW;
                                           ^
/usr/lib64/gcc/x86_64-suse-linux/4.8/include/omp.h:78:27: error: variable or field 'omp_set_lock' declared void
 extern void omp_set_lock (omp_lock_t *) __GOMP_NOTHROW;
                           ^
/usr/lib64/gcc/x86_64-suse-linux/4.8/include/omp.h:78:27: error: 'omp_lock_t' was not declared in this scope
/usr/lib64/gcc/x86_64-suse-linux/4.8/include/omp.h:78:39: error: expected primary-expression before ')' token
 extern void omp_set_lock (omp_lock_t *) __GOMP_NOTHROW;
                                       ^
/usr/lib64/gcc/x86_64-suse-linux/4.8/include/omp.h:79:29: error: variable or field 'omp_unset_lock' declared void
 extern void omp_unset_lock (omp_lock_t *) __GOMP_NOTHROW;
                             ^
/usr/lib64/gcc/x86_64-suse-linux/4.8/include/omp.h:79:29: error: 'omp_lock_t' was not declared in this scope
/usr/lib64/gcc/x86_64-suse-linux/4.8/include/omp.h:79:41: error: expected primary-expression before ')' token
 extern void omp_unset_lock (omp_lock_t *) __GOMP_NOTHROW;
                                         ^
/usr/lib64/gcc/x86_64-suse-linux/4.8/include/omp.h:80:27: error: 'omp_lock_t' was not declared in this scope
 extern int omp_test_lock (omp_lock_t *) __GOMP_NOTHROW;
                           ^
/usr/lib64/gcc/x86_64-suse-linux/4.8/include/omp.h:80:39: error: expected primary-expression before ')' token
 extern int omp_test_lock (omp_lock_t *) __GOMP_NOTHROW;
                                       ^
/usr/lib64/gcc/x86_64-suse-linux/4.8/include/omp.h:80:41: error: expected ',' or ';' before 'throw'
 extern int omp_test_lock (omp_lock_t *) __GOMP_NOTHROW;
                                         ^
configure:4541: $? = 1
configure: failed program was:
| /* confdefs.h */
| #define PACKAGE_NAME "Nbody6++"
| #define PACKAGE_TARNAME "nbody6--"
| #define PACKAGE_VERSION "1.0"
| #define PACKAGE_STRING "Nbody6++ 1.0"
| #define PACKAGE_BUGREPORT "longwang.astro@gmail.com"
| #define PACKAGE_URL ""
| /* end confdefs.h.  */
| 
| #ifndef _OPENMP
|  choke me
| #endif
| #include <omp.h>
| int main () { return omp_get_num_threads (); }
| 
configure:4559: g++ -o conftest  -O3 -fopenmp   conftest.cpp  -lstdc++ >&5
configure:4559: $? = 0
configure:4573: result: -fopenmp
configure:4591: checking whether C++ compiler accepts -march=native
configure:4610: g++ -c  -O3 -fopenmp -D OMP -I../include  -march=native  conftest.cpp >&5
configure:4610: $? = 0
configure:4618: result: yes
configure:4628: checking whether C++ compiler accepts -fPIC
configure:4647: g++ -c  -O3 -fopenmp -D OMP -I../include -march=native  -fPIC  conftest.cpp >&5
configure:4647: $? = 0
configure:4655: result: yes
configure:4703: checking whether C++ compiler accepts -mcmodel=medium
configure:4722: g++ -c  -O3 -fopenmp -D OMP -I../include -march=native -fPIC  -mcmodel=medium  conftest.cpp >&5
configure:4722: $? = 0
configure:4731: result: yes
configure:4748: checking for "/proc/cpuinfo"
configure:4762: result: yes
configure:4765: checking for grep that handles long lines and -e
configure:4823: result: /usr/bin/grep
configure:4833: checking whether current CPU support avx
configure:4839: result: yes
configure:4846: checking whether C++ compiler accepts -mavx
configure:4865: g++ -c  -O3 -fopenmp -D OMP -I../include -march=native -fPIC -mcmodel=medium  -mavx  conftest.cpp >&5
configure:4865: $? = 0
configure:4874: result: yes
configure:5189: checking how to run the C++ preprocessor
configure:5216: g++ -E  conftest.cpp
configure:5216: $? = 0
configure:5230: g++ -E  conftest.cpp
conftest.cpp:9:28: fatal error: ac_nonexistent.h: No such file or directory
 #include <ac_nonexistent.h>
                            ^
compilation terminated.
configure:5230: $? = 1
configure: failed program was:
| /* confdefs.h */
| #define PACKAGE_NAME "Nbody6++"
| #define PACKAGE_TARNAME "nbody6--"
| #define PACKAGE_VERSION "1.0"
| #define PACKAGE_STRING "Nbody6++ 1.0"
| #define PACKAGE_BUGREPORT "longwang.astro@gmail.com"
| #define PACKAGE_URL ""
| /* end confdefs.h.  */
| #include <ac_nonexistent.h>
configure:5255: result: g++ -E
configure:5275: g++ -E  conftest.cpp
configure:5275: $? = 0
configure:5289: g++ -E  conftest.cpp
conftest.cpp:9:28: fatal error: ac_nonexistent.h: No such file or directory
 #include <ac_nonexistent.h>
                            ^
compilation terminated.
configure:5289: $? = 1
configure: failed program was:
| /* confdefs.h */
| #define PACKAGE_NAME "Nbody6++"
| #define PACKAGE_TARNAME "nbody6--"
| #define PACKAGE_VERSION "1.0"
| #define PACKAGE_STRING "Nbody6++ 1.0"
| #define PACKAGE_BUGREPORT "longwang.astro@gmail.com"
| #define PACKAGE_URL ""
| /* end confdefs.h.  */
| #include <ac_nonexistent.h>
configure:5318: checking for egrep
configure:5380: result: /usr/bin/grep -E
configure:5385: checking for ANSI C header files
configure:5405: g++ -c  -O3 -fopenmp -D OMP -I../include -march=native -fPIC -mcmodel=medium -mavx  conftest.cpp >&5
configure:5405: $? = 0
configure:5478: g++ -o conftest  -O3 -fopenmp -D OMP -I../include -march=native -fPIC -mcmodel=medium -mavx   conftest.cpp  -lstdc++ >&5
configure:5478: $? = 0
configure:5478: ./conftest
configure:5478: $? = 0
configure:5489: result: yes
configure:5502: checking for sys/types.h
configure:5502: g++ -c  -O3 -fopenmp -D OMP -I../include -march=native -fPIC -mcmodel=medium -mavx  conftest.cpp >&5
configure:5502: $? = 0
configure:5502: result: yes
configure:5502: checking for sys/stat.h
configure:5502: g++ -c  -O3 -fopenmp -D OMP -I../include -march=native -fPIC -mcmodel=medium -mavx  conftest.cpp >&5
configure:5502: $? = 0
configure:5502: result: yes
configure:5502: checking for stdlib.h
configure:5502: g++ -c  -O3 -fopenmp -D OMP -I../include -march=native -fPIC -mcmodel=medium -mavx  conftest.cpp >&5
configure:5502: $? = 0
configure:5502: result: yes
configure:5502: checking for string.h
configure:5502: g++ -c  -O3 -fopenmp -D OMP -I../include -march=native -fPIC -mcmodel=medium -mavx  conftest.cpp >&5
configure:5502: $? = 0
configure:5502: result: yes
configure:5502: checking for memory.h
configure:5502: g++ -c  -O3 -fopenmp -D OMP -I../include -march=native -fPIC -mcmodel=medium -mavx  conftest.cpp >&5
configure:5502: $? = 0
configure:5502: result: yes
configure:5502: checking for strings.h
configure:5502: g++ -c  -O3 -fopenmp -D OMP -I../include -march=native -fPIC -mcmodel=medium -mavx  conftest.cpp >&5
configure:5502: $? = 0
configure:5502: result: yes
configure:5502: checking for inttypes.h
configure:5502: g++ -c  -O3 -fopenmp -D OMP -I../include -march=native -fPIC -mcmodel=medium -mavx  conftest.cpp >&5
configure:5502: $? = 0
configure:5502: result: yes
configure:5502: checking for stdint.h
configure:5502: g++ -c  -O3 -fopenmp -D OMP -I../include -march=native -fPIC -mcmodel=medium -mavx  conftest.cpp >&5
configure:5502: $? = 0
configure:5502: result: yes
configure:5502: checking for unistd.h
configure:5502: g++ -c  -O3 -fopenmp -D OMP -I../include -march=native -fPIC -mcmodel=medium -mavx  conftest.cpp >&5
configure:5502: $? = 0
configure:5502: result: yes
configure:5517: checking for stdlib.h
configure:5517: result: yes
configure:5517: checking for string.h
configure:5517: result: yes
configure:5517: checking for strings.h
configure:5517: result: yes
configure:5517: checking sys/time.h usability
configure:5517: g++ -c  -O3 -fopenmp -D OMP -I../include -march=native -fPIC -mcmodel=medium -mavx  conftest.cpp >&5
configure:5517: $? = 0
configure:5517: result: yes
configure:5517: checking sys/time.h presence
configure:5517: g++ -E  conftest.cpp
configure:5517: $? = 0
configure:5517: result: yes
configure:5517: checking for sys/time.h
configure:5517: result: yes
configure:5517: checking for unistd.h
configure:5517: result: yes
configure:5517: checking omp_lib.h usability
configure:5517: g++ -c  -O3 -fopenmp -D OMP -I../include -march=native -fPIC -mcmodel=medium -mavx  conftest.cpp >&5
conftest.cpp:57:21: fatal error: omp_lib.h: No such file or directory
 #include <omp_lib.h>
                     ^
compilation terminated.
configure:5517: $? = 1
configure: failed program was:
| /* confdefs.h */
| #define PACKAGE_NAME "Nbody6++"
| #define PACKAGE_TARNAME "nbody6--"
| #define PACKAGE_VERSION "1.0"
| #define PACKAGE_STRING "Nbody6++ 1.0"
| #define PACKAGE_BUGREPORT "longwang.astro@gmail.com"
| #define PACKAGE_URL ""
| #define STDC_HEADERS 1
| #define HAVE_SYS_TYPES_H 1
| #define HAVE_SYS_STAT_H 1
| #define HAVE_STDLIB_H 1
| #define HAVE_STRING_H 1
| #define HAVE_MEMORY_H 1
| #define HAVE_STRINGS_H 1
| #define HAVE_INTTYPES_H 1
| #define HAVE_STDINT_H 1
| #define HAVE_UNISTD_H 1
| #define HAVE_STDLIB_H 1
| #define HAVE_STRING_H 1
| #define HAVE_STRINGS_H 1
| #define HAVE_SYS_TIME_H 1
| #define HAVE_UNISTD_H 1
| /* end confdefs.h.  */
| #include <stdio.h>
| #ifdef HAVE_SYS_TYPES_H
| # include <sys/types.h>
| #endif
| #ifdef HAVE_SYS_STAT_H
| # include <sys/stat.h>
| #endif
| #ifdef STDC_HEADERS
| # include <stdlib.h>
| # include <stddef.h>
| #else
| # ifdef HAVE_STDLIB_H
| #  include <stdlib.h>
| # endif
| #endif
| #ifdef HAVE_STRING_H
| # if !defined STDC_HEADERS && defined HAVE_MEMORY_H
| #  include <memory.h>
| # endif
| # include <string.h>
| #endif
| #ifdef HAVE_STRINGS_H
| # include <strings.h>
| #endif
| #ifdef HAVE_INTTYPES_H
| # include <inttypes.h>
| #endif
| #ifdef HAVE_STDINT_H
| # include <stdint.h>
| #endif
| #ifdef HAVE_UNISTD_H
| # include <unistd.h>
| #endif
| #include <omp_lib.h>
configure:5517: result: no
configure:5517: checking omp_lib.h presence
configure:5517: g++ -E  conftest.cpp
conftest.cpp:24:21: fatal error: omp_lib.h: No such file or directory
 #include <omp_lib.h>
                     ^
compilation terminated.
configure:5517: $? = 1
configure: failed program was:
| /* confdefs.h */
| #define PACKAGE_NAME "Nbody6++"
| #define PACKAGE_TARNAME "nbody6--"
| #define PACKAGE_VERSION "1.0"
| #define PACKAGE_STRING "Nbody6++ 1.0"
| #define PACKAGE_BUGREPORT "longwang.astro@gmail.com"
| #define PACKAGE_URL ""
| #define STDC_HEADERS 1
| #define HAVE_SYS_TYPES_H 1
| #define HAVE_SYS_STAT_H 1
| #define HAVE_STDLIB_H 1
| #define HAVE_STRING_H 1
| #define HAVE_MEMORY_H 1
| #define HAVE_STRINGS_H 1
| #define HAVE_INTTYPES_H 1
| #define HAVE_STDINT_H 1
| #define HAVE_UNISTD_H 1
| #define HAVE_STDLIB_H 1
| #define HAVE_STRING_H 1
| #define HAVE_STRINGS_H 1
| #define HAVE_SYS_TIME_H 1
| #define HAVE_UNISTD_H 1
| /* end confdefs.h.  */
| #include <omp_lib.h>
configure:5517: result: no
configure:5517: checking for omp_lib.h
configure:5517: result: no
configure:5529: checking for stdbool.h that conforms to C99
configure:5596: g++ -c  -O3 -fopenmp -D OMP -I../include -march=native -fPIC -mcmodel=medium -mavx  conftest.cpp >&5
configure:5596: $? = 0
configure:5603: result: yes
configure:5605: checking for _Bool
configure:5605: g++ -c  -O3 -fopenmp -D OMP -I../include -march=native -fPIC -mcmodel=medium -mavx  conftest.cpp >&5
conftest.cpp: In function 'int main()':
conftest.cpp:60:13: error: '_Bool' was not declared in this scope
 if (sizeof (_Bool))
             ^
configure:5605: $? = 1
configure: failed program was:
| /* confdefs.h */
| #define PACKAGE_NAME "Nbody6++"
| #define PACKAGE_TARNAME "nbody6--"
| #define PACKAGE_VERSION "1.0"
| #define PACKAGE_STRING "Nbody6++ 1.0"
| #define PACKAGE_BUGREPORT "longwang.astro@gmail.com"
| #define PACKAGE_URL ""
| #define STDC_HEADERS 1
| #define HAVE_SYS_TYPES_H 1
| #define HAVE_SYS_STAT_H 1
| #define HAVE_STDLIB_H 1
| #define HAVE_STRING_H 1
| #define HAVE_MEMORY_H 1
| #define HAVE_STRINGS_H 1
| #define HAVE_INTTYPES_H 1
| #define HAVE_STDINT_H 1
| #define HAVE_UNISTD_H 1
| #define HAVE_STDLIB_H 1
| #define HAVE_STRING_H 1
| #define HAVE_STRINGS_H 1
| #define HAVE_SYS_TIME_H 1
| #define HAVE_UNISTD_H 1
| /* end confdefs.h.  */
| #include <stdio.h>
| #ifdef HAVE_SYS_TYPES_H
| # include <sys/types.h>
| #endif
| #ifdef HAVE_SYS_STAT_H
| # include <sys/stat.h>
| #endif
| #ifdef STDC_HEADERS
| # include <stdlib.h>
| # include <stddef.h>
| #else
| # ifdef HAVE_STDLIB_H
| #  include <stdlib.h>
| # endif
| #endif
| #ifdef HAVE_STRING_H
| # if !defined STDC_HEADERS && defined HAVE_MEMORY_H
| #  include <memory.h>
| # endif
| # include <string.h>
| #endif
| #ifdef HAVE_STRINGS_H
| # include <strings.h>
| #endif
| #ifdef HAVE_INTTYPES_H
| # include <inttypes.h>
| #endif
| #ifdef HAVE_STDINT_H
| # include <stdint.h>
| #endif
| #ifdef HAVE_UNISTD_H
| # include <unistd.h>
| #endif
| int
| main ()
| {
| if (sizeof (_Bool))
| 	 return 0;
|   ;
|   return 0;
| }
configure:5605: result: no
configure:5616: checking for inline
configure:5632: g++ -c  -O3 -fopenmp -D OMP -I../include -march=native -fPIC -mcmodel=medium -mavx  conftest.cpp >&5
configure:5632: $? = 0
configure:5640: result: inline
configure:5658: checking for size_t
configure:5658: g++ -c  -O3 -fopenmp -D OMP -I../include -march=native -fPIC -mcmodel=medium -mavx  conftest.cpp >&5
configure:5658: $? = 0
configure:5658: g++ -c  -O3 -fopenmp -D OMP -I../include -march=native -fPIC -mcmodel=medium -mavx  conftest.cpp >&5
conftest.cpp: In function 'int main()':
conftest.cpp:60:20: error: expected primary-expression before ')' token
 if (sizeof ((size_t)))
                    ^
configure:5658: $? = 1
configure: failed program was:
| /* confdefs.h */
| #define PACKAGE_NAME "Nbody6++"
| #define PACKAGE_TARNAME "nbody6--"
| #define PACKAGE_VERSION "1.0"
| #define PACKAGE_STRING "Nbody6++ 1.0"
| #define PACKAGE_BUGREPORT "longwang.astro@gmail.com"
| #define PACKAGE_URL ""
| #define STDC_HEADERS 1
| #define HAVE_SYS_TYPES_H 1
| #define HAVE_SYS_STAT_H 1
| #define HAVE_STDLIB_H 1
| #define HAVE_STRING_H 1
| #define HAVE_MEMORY_H 1
| #define HAVE_STRINGS_H 1
| #define HAVE_INTTYPES_H 1
| #define HAVE_STDINT_H 1
| #define HAVE_UNISTD_H 1
| #define HAVE_STDLIB_H 1
| #define HAVE_STRING_H 1
| #define HAVE_STRINGS_H 1
| #define HAVE_SYS_TIME_H 1
| #define HAVE_UNISTD_H 1
| /* end confdefs.h.  */
| #include <stdio.h>
| #ifdef HAVE_SYS_TYPES_H
| # include <sys/types.h>
| #endif
| #ifdef HAVE_SYS_STAT_H
| # include <sys/stat.h>
| #endif
| #ifdef STDC_HEADERS
| # include <stdlib.h>
| # include <stddef.h>
| #else
| # ifdef HAVE_STDLIB_H
| #  include <stdlib.h>
| # endif
| #endif
| #ifdef HAVE_STRING_H
| # if !defined STDC_HEADERS && defined HAVE_MEMORY_H
| #  include <memory.h>
| # endif
| # include <string.h>
| #endif
| #ifdef HAVE_STRINGS_H
| # include <strings.h>
| #endif
| #ifdef HAVE_INTTYPES_H
| # include <inttypes.h>
| #endif
| #ifdef HAVE_STDINT_H
| # include <stdint.h>
| #endif
| #ifdef HAVE_UNISTD_H
| # include <unistd.h>
| #endif
| int
| main ()
| {
| if (sizeof ((size_t)))
| 	    return 0;
|   ;
|   return 0;
| }
configure:5658: result: yes
configure:5673: checking for stdlib.h
configure:5673: result: yes
configure:5683: checking for GNU libc compatible malloc
configure:5707: g++ -o conftest  -O3 -fopenmp -D OMP -I../include -march=native -fPIC -mcmodel=medium -mavx   conftest.cpp  -lstdc++ >&5
configure:5707: $? = 0
configure:5707: ./conftest
configure:5707: $? = 0
configure:5717: result: yes
configure:5741: checking for gettimeofday
configure:5741: g++ -o conftest  -O3 -fopenmp -D OMP -I../include -march=native -fPIC -mcmodel=medium -mavx   conftest.cpp  -lstdc++ >&5
configure:5741: $? = 0
configure:5741: result: yes
configure:5741: checking for memset
configure:5741: g++ -o conftest  -O3 -fopenmp -D OMP -I../include -march=native -fPIC -mcmodel=medium -mavx   conftest.cpp  -lstdc++ >&5
configure:5741: $? = 0
configure:5741: result: yes
configure:5741: checking for sqrt
configure:5741: g++ -o conftest  -O3 -fopenmp -D OMP -I../include -march=native -fPIC -mcmodel=medium -mavx   conftest.cpp  -lstdc++ >&5
configure:5741: $? = 0
configure:5741: result: yes
configure:5741: checking for strchr
configure:5741: g++ -o conftest  -O3 -fopenmp -D OMP -I../include -march=native -fPIC -mcmodel=medium -mavx   conftest.cpp  -lstdc++ >&5
configure:5741: $? = 0
configure:5741: result: yes
configure:5774: checking for nvcc
configure:5802: result: none
configure:5813: checking for nvcc
configure:5841: result: none
configure:5850: error: in `/work/Tux1/spurzem/Nbody/nbody6++/betanb6':
configure:5852: error: Cannot find CUDA compiler nvcc, please check whether nvcc is in environment PATH or use --with-cuda=PREFIX to provide the PATH of CUDA installation
See `config.log' for more details

## ---------------- ##
## Cache variables. ##
## ---------------- ##

ac_cv_c_compiler_gnu=yes
ac_cv_c_inline=inline
ac_cv_cxx_compiler_gnu=yes
ac_cv_env_CCC_set=
ac_cv_env_CCC_value=
ac_cv_env_CC_set=
ac_cv_env_CC_value=
ac_cv_env_CFLAGS_set=
ac_cv_env_CFLAGS_value=
ac_cv_env_CPPFLAGS_set=
ac_cv_env_CPPFLAGS_value=
ac_cv_env_CXXCPP_set=
ac_cv_env_CXXCPP_value=
ac_cv_env_CXXFLAGS_set=
ac_cv_env_CXXFLAGS_value=
ac_cv_env_CXX_set=
ac_cv_env_CXX_value=
ac_cv_env_FCFLAGS_set=
ac_cv_env_FCFLAGS_value=
ac_cv_env_FC_set=
ac_cv_env_FC_value=
ac_cv_env_LDFLAGS_set=
ac_cv_env_LDFLAGS_value=
ac_cv_env_LIBS_set=
ac_cv_env_LIBS_value=
ac_cv_env_build_alias_set=
ac_cv_env_build_alias_value=
ac_cv_env_host_alias_set=
ac_cv_env_host_alias_value=
ac_cv_env_target_alias_set=
ac_cv_env_target_alias_value=
ac_cv_fc_check_bounds=-fcheck=bounds
ac_cv_fc_compiler_gnu=yes
ac_cv_file__proc_cpuinfo=yes
ac_cv_func_gettimeofday=yes
ac_cv_func_malloc_0_nonnull=yes
ac_cv_func_memset=yes
ac_cv_func_sqrt=yes
ac_cv_func_strchr=yes
ac_cv_header_inttypes_h=yes
ac_cv_header_memory_h=yes
ac_cv_header_omp_lib_h=no
ac_cv_header_stdbool_h=yes
ac_cv_header_stdc=yes
ac_cv_header_stdint_h=yes
ac_cv_header_stdlib_h=yes
ac_cv_header_string_h=yes
ac_cv_header_strings_h=yes
ac_cv_header_sys_stat_h=yes
ac_cv_header_sys_time_h=yes
ac_cv_header_sys_types_h=yes
ac_cv_header_unistd_h=yes
ac_cv_lib_stdcpp_main=yes
ac_cv_objext=o
ac_cv_path_EGREP='/usr/bin/grep -E'
ac_cv_path_GREP=/usr/bin/grep
ac_cv_prog_CXXCPP='g++ -E'
ac_cv_prog_FC=mpif77
ac_cv_prog_NVCC=none
ac_cv_prog_ac_ct_CC=gcc
ac_cv_prog_ac_ct_CXX=g++
ac_cv_prog_ac_ct_FC=gfortran
ac_cv_prog_cc_c89=
ac_cv_prog_cc_g=yes
ac_cv_prog_cxx_g=yes
ac_cv_prog_cxx_openmp=-fopenmp
ac_cv_prog_fc_g=yes
ac_cv_prog_fc_openmp=-fopenmp
ac_cv_type__Bool=no
ac_cv_type_size_t=yes
ax_cv_check_cxxflags___fPIC=yes
ax_cv_check_cxxflags___march_native=yes
ax_cv_check_cxxflags___mavx=yes
ax_cv_check_cxxflags___mcmodel_medium=yes
ax_cv_check_fcflags___fPIC=yes
ax_cv_check_fcflags___mcmodel_medium=yes

## ----------------- ##
## Output variables. ##
## ----------------- ##

AWK=''
CC='gcc'
CFLAGS='-g -O2'
CPPFLAGS=''
CUFLAGS=''
CXX='g++'
CXXCPP='g++ -E'
CXXFLAGS=' -O3 -fopenmp -D OMP -I../include -march=native -fPIC -mcmodel=medium -mavx'
DEFS=''
ECHO_C=''
ECHO_N='-n'
ECHO_T=''
EGREP='/usr/bin/grep -E'
EXEEXT=''
EXTRAOBJ=''
EXTRARESULT=''
EXTRASRC=' $(MPI_FSOURCES)'
FC='mpif77'
FCFLAGS=' -O3 -fPIC -mcmodel=medium -fopenmp -D OMP -I../include $(MPI_FLAGS) ${SIMD_FLAGS}'
GREP='/usr/bin/grep'
KMAX=''
LDFLAGS=''
LIBOBJS=''
LIBS=' -lstdc++'
LMAX=''
LTLIBOBJS=''
MMAX=''
NMAX=''
NVCC='none'
OBJEXT='o'
OPENMP_CXXFLAGS='-fopenmp'
OPENMP_FCFLAGS='-fopenmp'
PACKAGE_BUGREPORT='longwang.astro@gmail.com'
PACKAGE_NAME='Nbody6++'
PACKAGE_STRING='Nbody6++ 1.0'
PACKAGE_TARNAME='nbody6--'
PACKAGE_URL=''
PACKAGE_VERSION='1.0'
PATH_SEPARATOR=':'
RESULT='.mpi.avx'
SED=''
SHELL='/bin/sh'
ac_ct_CC='gcc'
ac_ct_CXX='g++'
ac_ct_FC='gfortran'
bindir='${exec_prefix}/bin'
build_alias=''
datadir='${datarootdir}'
datarootdir='${prefix}/share'
docdir='${datarootdir}/doc/${PACKAGE_TARNAME}'
dvidir='${docdir}'
exec_prefix='NONE'
host_alias=''
htmldir='${docdir}'
includedir='${prefix}/include'
infodir='${datarootdir}/info'
libdir='${exec_prefix}/lib'
libexecdir='${exec_prefix}/libexec'
localedir='${datarootdir}/locale'
localstatedir='${prefix}/var'
mandir='${datarootdir}/man'
oldincludedir='/usr/include'
pdfdir='${docdir}'
prefix='NONE'
program_transform_name='s,x,x,'
psdir='${docdir}'
sbindir='${exec_prefix}/sbin'
sharedstatedir='${prefix}/com'
sysconfdir='${prefix}/etc'
target_alias=''

## ----------- ##
## confdefs.h. ##
## ----------- ##

/* confdefs.h */
#define PACKAGE_NAME "Nbody6++"
#define PACKAGE_TARNAME "nbody6--"
#define PACKAGE_VERSION "1.0"
#define PACKAGE_STRING "Nbody6++ 1.0"
#define PACKAGE_BUGREPORT "longwang.astro@gmail.com"
#define PACKAGE_URL ""
#define STDC_HEADERS 1
#define HAVE_SYS_TYPES_H 1
#define HAVE_SYS_STAT_H 1
#define HAVE_STDLIB_H 1
#define HAVE_STRING_H 1
#define HAVE_MEMORY_H 1
#define HAVE_STRINGS_H 1
#define HAVE_INTTYPES_H 1
#define HAVE_STDINT_H 1
#define HAVE_UNISTD_H 1
#define HAVE_STDLIB_H 1
#define HAVE_STRING_H 1
#define HAVE_STRINGS_H 1
#define HAVE_SYS_TIME_H 1
#define HAVE_UNISTD_H 1
#define HAVE_STDLIB_H 1
#define HAVE_MALLOC 1
#define HAVE_GETTIMEOFDAY 1
#define HAVE_MEMSET 1
#define HAVE_SQRT 1
#define HAVE_STRCHR 1

configure: exit 1
